============================= test session starts =============================
platform win32 -- Python 3.12.8, pytest-9.0.2, pluggy-1.6.0 -- H:\GITS\tim-class-pass\.venv\Scripts\python.exe
cachedir: .pytest_cache
rootdir: H:\GITS\tim-class-pass
configfile: pyproject.toml
plugins: anyio-4.12.1, cov-7.0.0
collecting ... collected 608 items

tests/integration/test_batch_lesson2_live.py::test_batch_lesson2_live SKIPPED [  0%]
tests/integration/test_batch_lesson2_parity.py::test_batch_lesson2_parity_from_existing_debug SKIPPED [  0%]
tests/integration/test_batch_resume_flow.py::test_batch_resume_flow_for_vision PASSED [  0%]
tests/integration/test_lesson2_artifact_regression.py::test_lesson2_final_artifacts_regression PASSED [  0%]
tests/integration/test_lesson2_artifact_regression.py::test_lesson2_final_artifacts_regression_full SKIPPED [  0%]
tests/integration/test_sviatoslav_regression.py::test_sviatoslav_artifact_existence PASSED [  0%]
tests/integration/test_sviatoslav_regression.py::test_sviatoslav_knowledge_events_clean PASSED [  1%]
tests/integration/test_sviatoslav_regression.py::test_sviatoslav_rule_cards_provenance PASSED [  1%]
tests/integration/test_sviatoslav_regression.py::test_sviatoslav_evidence_backlinks PASSED [  1%]
tests/integration/test_sviatoslav_regression.py::test_sviatoslav_ml_safety_guard PASSED [  1%]
tests/integration/test_sviatoslav_regression.py::test_sviatoslav_weak_specificity_in_evidence_not_in_ml PASSED [  1%]
tests/integration/test_sviatoslav_regression.py::test_sviatoslav_concept_graph_structure PASSED [  1%]
tests/integration/test_sviatoslav_regression.py::test_sviatoslav_concept_graph_nodes_deduplicated PASSED [  2%]
tests/integration/test_sviatoslav_regression.py::test_sviatoslav_markdown_quality PASSED [  2%]
tests/integration/test_sviatoslav_regression.py::test_sviatoslav_cross_file_integrity PASSED [  2%]
tests/integration/test_sviatoslav_regression.py::test_sviatoslav_canonical_ids PASSED [  2%]
tests/test_analyze.py::test_analyze_frame_with_on_event_emits_stages_and_returns_same_result PASSED [  2%]
tests/test_analyze.py::test_analyze_frame_calls_extract_then_relevance PASSED [  2%]
tests/test_analyze.py::test_analyze_frame_marks_irrelevant_changes PASSED [  3%]
tests/test_analyze.py::test_normalize_preserves_no_change PASSED         [  3%]
tests/test_analyze.py::test_ensure_material_change_not_overwritten_by_lesson_relevant PASSED [  3%]
tests/test_analyze.py::test_normalize_preserves_rich_visual_facts_and_interpretation PASSED [  3%]
tests/test_analyze.py::test_normalize_schema_shaped_but_noncanonical_output PASSED [  3%]
tests/test_analyze.py::test_gemini_frame_591_shape_alignment PASSED      [  3%]
tests/test_analyze.py::test_gold_591_normalization_preserves_representation_type PASSED [  4%]
tests/test_analyze.py::test_gold_591_normalization_preserves_visual_facts_density PASSED [  4%]
tests/test_analyze.py::test_gold_591_normalization_preserves_interpretation_list PASSED [  4%]
tests/test_analyze.py::test_gold_591_normalization_preserves_structural_pattern PASSED [  4%]
tests/test_analyze.py::test_gold_591_normalization_preserves_conceptual_level_values PASSED [  4%]
tests/test_analyze.py::test_gold_591_normalization_preserves_conceptual_stop_values PASSED [  4%]
tests/test_analyze.py::test_gold_591_normalization_preserves_drawn_objects_structure PASSED [  5%]
tests/test_analyze.py::test_gold_591_normalization_preserves_annotations_with_location PASSED [  5%]
tests/test_analyze.py::test_gold_591_educational_event_type_passthrough PASSED [  5%]
tests/test_analyze.py::test_gold_591_conceptual_entities_from_gemini_format PASSED [  5%]
tests/test_analyze.py::test_canonical_visual_type_abstract_bar_diagram_variants PASSED [  5%]
tests/test_analyze.py::test_canonical_visual_type_candlestick_sketch_variants PASSED [  5%]
tests/test_analyze.py::test_canonical_visual_type_hand_drawn_variants PASSED [  6%]
tests/test_analyze.py::test_structural_pattern_string_becomes_list PASSED [  6%]
tests/test_analyze.py::test_visible_annotations_dict_objects_preserved PASSED [  6%]
tests/test_analyze.py::test_n_a_entity_values_become_empty_lists PASSED  [  6%]
tests/test_analyze.py::test_screen_type_chart_with_instructor_passthrough PASSED [  6%]
tests/test_analyze.py::test_gemini_expanded_educational_event_types_passthrough PASSED [  6%]
tests/test_batch_assembler.py::test_assemble_batch_files_combines_compatible_fragments PASSED [  7%]
tests/test_batch_cli.py::test_batch_cli_help PASSED                      [  7%]
tests/test_batch_cli.py::test_batch_cli_discover_plan_status PASSED      [  7%]
tests/test_batch_cli.py::test_batch_cli_spool_and_assemble_vision PASSED [  7%]
tests/test_canonicalization.py::TestNormalizeLabel::test_lowercase_and_strip PASSED [  7%]
tests/test_canonicalization.py::TestNormalizeLabel::test_collapse_whitespace PASSED [  7%]
tests/test_canonicalization.py::TestNormalizeLabel::test_strip_punctuation_noise PASSED [  8%]
tests/test_canonicalization.py::TestNormalizeLabel::test_unicode_normalization PASSED [  8%]
tests/test_canonicalization.py::TestLookupCanonical::test_known_russian_term PASSED [  8%]
tests/test_canonicalization.py::TestLookupCanonical::test_known_english_term PASSED [  8%]
tests/test_canonicalization.py::TestLookupCanonical::test_case_insensitive PASSED [  8%]
tests/test_canonicalization.py::TestLookupCanonical::test_unknown_returns_none PASSED [  8%]
tests/test_canonicalization.py::TestLookupCanonical::test_whitespace_trimmed PASSED [  9%]
tests/test_canonicalization.py::TestMakeCanonicalId::test_known_concept PASSED [  9%]
tests/test_canonicalization.py::TestMakeCanonicalId::test_known_russian PASSED [  9%]
tests/test_canonicalization.py::TestMakeCanonicalId::test_fallback_slugification_english PASSED [  9%]
tests/test_canonicalization.py::TestMakeCanonicalId::test_fallback_transliterates_cyrillic PASSED [  9%]
tests/test_canonicalization.py::TestMakeCanonicalId::test_subconcept_prefix PASSED [  9%]
tests/test_canonicalization.py::TestCanonicalizeHelpers::test_concept_none_returns_none PASSED [ 10%]
tests/test_canonicalization.py::TestCanonicalizeHelpers::test_concept_empty_returns_none PASSED [ 10%]
tests/test_canonicalization.py::TestCanonicalizeHelpers::test_concept_known_term PASSED [ 10%]
tests/test_canonicalization.py::TestCanonicalizeHelpers::test_subconcept_none_returns_none PASSED [ 10%]
tests/test_canonicalization.py::TestCanonicalizeHelpers::test_subconcept_known_term PASSED [ 10%]
tests/test_canonicalization.py::TestCanonicalizeHelpers::test_subconcept_fallback PASSED [ 10%]
tests/test_canonicalization.py::TestCanonicalizeShortStatement::test_condition_statement PASSED [ 11%]
tests/test_canonicalization.py::TestCanonicalizeShortStatement::test_known_term_in_statement PASSED [ 11%]
tests/test_canonicalization.py::TestClassifyRuleType::test_rule_statement PASSED [ 11%]
tests/test_canonicalization.py::TestClassifyRuleType::test_definition PASSED [ 11%]
tests/test_canonicalization.py::TestClassifyRuleType::test_condition PASSED [ 11%]
tests/test_canonicalization.py::TestClassifyRuleType::test_unknown_returns_none PASSED [ 11%]
tests/test_canonicalization.py::TestClassifyRuleType::test_all_known_types_mapped[definition] PASSED [ 12%]
tests/test_canonicalization.py::TestClassifyRuleType::test_all_known_types_mapped[rule_statement] PASSED [ 12%]
tests/test_canonicalization.py::TestClassifyRuleType::test_all_known_types_mapped[condition] PASSED [ 12%]
tests/test_canonicalization.py::TestClassifyRuleType::test_all_known_types_mapped[invalidation] PASSED [ 12%]
tests/test_canonicalization.py::TestClassifyRuleType::test_all_known_types_mapped[exception] PASSED [ 12%]
tests/test_canonicalization.py::TestClassifyRuleType::test_all_known_types_mapped[comparison] PASSED [ 12%]
tests/test_canonicalization.py::TestClassifyRuleType::test_all_known_types_mapped[warning] PASSED [ 12%]
tests/test_canonicalization.py::TestClassifyRuleType::test_all_known_types_mapped[process_step] PASSED [ 13%]
tests/test_canonicalization.py::TestClassifyRuleType::test_all_known_types_mapped[algorithm_hint] PASSED [ 13%]
tests/test_canonicalization.py::TestClassifyRuleType::test_all_known_types_mapped[example] PASSED [ 13%]
tests/test_canonicalization.py::TestLexiconCoverage::test_aliases_are_all_lowercase_keys PASSED [ 13%]
tests/test_canonicalization.py::TestLexiconCoverage::test_aliases_values_are_slugs PASSED [ 13%]
tests/test_canonicalization.py::TestLexiconCoverage::test_no_empty_values PASSED [ 13%]
tests/test_canonicalization.py::TestNoEnglishLabels::test_canonical_id_has_no_spaces PASSED [ 14%]
tests/test_canonicalization.py::TestNoEnglishLabels::test_canonical_id_is_ascii PASSED [ 14%]
tests/test_canonicalization.py::TestNoEnglishLabels::test_russian_concept_produces_ascii_id PASSED [ 14%]
tests/test_compare.py::test_compare_images_skips_near_identical_frames PASSED [ 14%]
tests/test_compare.py::test_compare_images_detects_significant_change PASSED [ 14%]
tests/test_compare.py::test_compare_images_writes_structural_artifacts PASSED [ 14%]
tests/test_component2_pipeline.py::test_filter_visual_events_sample_json_uses_instructional_frames_only SKIPPED [ 15%]
tests/test_component2_pipeline.py::test_create_lesson_chunks_carries_previous_visual_state PASSED [ 15%]
tests/test_component2_pipeline.py::test_invalidation_filter_keeps_unknown_frame_with_annotation_signal PASSED [ 15%]
tests/test_component2_pipeline.py::test_build_user_prompt_contains_xml_sections_and_timestamps PASSED [ 15%]
tests/test_component2_pipeline.py::test_parse_enriched_markdown_chunk_validates_json PASSED [ 15%]
tests/test_component2_pipeline.py::test_assemble_video_markdown_adds_header_and_tags PASSED [ 15%]
tests/test_component2_pipeline.py::test_run_component2_pipeline_writes_outputs PASSED [ 16%]
tests/test_component2_pipeline.py::test_component2_main_help PASSED      [ 16%]
tests/test_component2_pipeline.py::test_pipeline_written_knowledge_events_contains_phase2a_fields PASSED [ 16%]
tests/test_component2_pipeline.py::test_pipeline_outputs_not_all_events_are_line_confidence PASSED [ 16%]
tests/test_component2_pipeline.py::test_knowledge_events_json_preserves_line_anchors PASSED [ 16%]
tests/test_component2_pipeline.py::test_final_saved_knowledge_events_contain_evidence_refs_after_evidence_linking PASSED [ 16%]
tests/test_component2_pipeline.py::test_final_saved_evidence_contains_linked_rule_ids_after_rule_build PASSED [ 17%]
tests/test_concept_graph.py::test_create_concept_and_subconcept_nodes PASSED [ 17%]
tests/test_concept_graph.py::test_parent_child_relation PASSED           [ 17%]
tests/test_concept_graph.py::test_sibling_related_relation PASSED        [ 17%]
tests/test_concept_graph.py::test_precedes_relation_filtered_by_provenance PASSED [ 17%]
tests/test_concept_graph.py::test_contrasts_with_filtered_by_provenance PASSED [ 17%]
tests/test_concept_graph.py::test_relation_dedupe PASSED                 [ 18%]
tests/test_concept_graph.py::test_graph_serialization PASSED             [ 18%]
tests/test_concept_graph.py::test_empty_rules_produce_empty_graph_and_serializes PASSED [ 18%]
tests/test_concept_graph.py::test_save_concept_graph_writes_file PASSED  [ 18%]
tests/test_concept_graph.py::test_stats_match_node_and_relation_counts PASSED [ 18%]
tests/test_concept_graph.py::test_graph_version_present PASSED           [ 18%]
tests/test_concept_graph.py::test_condition_nodes_created PASSED         [ 19%]
tests/test_concept_graph.py::test_invalidation_nodes_created PASSED      [ 19%]
tests/test_concept_graph.py::test_exception_nodes_created PASSED         [ 19%]
tests/test_concept_graph.py::test_long_condition_not_promoted_to_node PASSED [ 19%]
tests/test_concept_graph.py::test_has_condition_edge PASSED              [ 19%]
tests/test_concept_graph.py::test_has_invalidation_edge PASSED           [ 19%]
tests/test_concept_graph.py::test_has_exception_edge PASSED              [ 20%]
tests/test_concept_graph.py::test_co_occurs_with_above_threshold PASSED  [ 20%]
tests/test_concept_graph.py::test_co_occurs_with_below_threshold_not_created PASSED [ 20%]
tests/test_concept_graph.py::test_edge_weights_are_integers PASSED       [ 20%]
tests/test_concept_graph.py::test_dedupe_merges_weights PASSED           [ 20%]
tests/test_concept_graph.py::test_nodes_have_source_rule_ids PASSED      [ 20%]
tests/test_concept_graph.py::test_relations_have_source_rule_ids PASSED  [ 21%]
tests/test_concept_graph.py::test_graph_built_from_structured_json_only PASSED [ 21%]
tests/test_concept_graph.py::test_all_relations_have_provenance PASSED   [ 21%]
tests/test_concept_graph.py::test_no_mirrored_structural_duplicates PASSED [ 21%]
tests/test_concept_graph.py::test_only_allowed_relation_types PASSED     [ 21%]
tests/test_config.py::test_default_workers_use_half_cpu PASSED           [ 21%]
tests/test_config.py::test_config_exposes_stage_specific_provider_and_model_defaults PASSED [ 22%]
tests/test_config.py::test_get_config_for_video_returns_visual_defaults PASSED [ 22%]
tests/test_corpus.py::TestSchemaContract::test_schema_versions_loads PASSED [ 22%]
tests/test_corpus.py::TestSchemaContract::test_schema_versions_constant PASSED [ 22%]
tests/test_corpus.py::TestSchemaContract::test_lesson_record_validates PASSED [ 22%]
tests/test_corpus.py::TestSchemaContract::test_corpus_metadata_validates PASSED [ 22%]
tests/test_corpus.py::TestSchemaContract::test_knowledge_event_reexport PASSED [ 23%]
tests/test_corpus.py::TestSchemaContract::test_rule_card_reexport PASSED [ 23%]
tests/test_corpus.py::TestLessonRegistry::test_registry_discovers_two_lessons PASSED [ 23%]
tests/test_corpus.py::TestLessonRegistry::test_registry_counts_correct PASSED [ 23%]
tests/test_corpus.py::TestLessonRegistry::test_registry_skips_empty_dirs PASSED [ 23%]
tests/test_corpus.py::TestLessonRegistry::test_build_registry_serializable PASSED [ 23%]
tests/test_corpus.py::TestDeterministicIds::test_slugify_lesson_id_stable PASSED [ 24%]
tests/test_corpus.py::TestDeterministicIds::test_slugify_cyrillic PASSED [ 24%]
tests/test_corpus.py::TestDeterministicIds::test_make_global_id_deterministic PASSED [ 24%]
tests/test_corpus.py::TestDeterministicIds::test_adding_lesson_does_not_change_existing_ids PASSED [ 24%]
tests/test_corpus.py::TestDeterministicIds::test_global_node_id_is_cross_lesson PASSED [ 24%]
tests/test_corpus.py::TestDeterministicIds::test_global_relation_id_deterministic PASSED [ 24%]
tests/test_corpus.py::TestReferentialIntegrity::test_rule_event_references_valid PASSED [ 25%]
tests/test_corpus.py::TestReferentialIntegrity::test_rule_evidence_references_valid PASSED [ 25%]
tests/test_corpus.py::TestReferentialIntegrity::test_evidence_rule_references_valid PASSED [ 25%]
tests/test_corpus.py::TestReferentialIntegrity::test_graph_relation_endpoints_exist PASSED [ 25%]
tests/test_corpus.py::TestCorpusExports::test_jsonl_files_exist_and_nonempty PASSED [ 25%]
tests/test_corpus.py::TestCorpusExports::test_metadata_and_schema_exist PASSED [ 25%]
tests/test_corpus.py::TestCorpusExports::test_enrichment_files_exist PASSED [ 25%]
tests/test_corpus.py::TestCorpusExports::test_corpus_metadata_counts_match PASSED [ 26%]
tests/test_corpus.py::TestConceptDedup::test_same_concept_two_lessons_one_node PASSED [ 26%]
tests/test_corpus.py::TestConceptDedup::test_aliases_merged PASSED       [ 26%]
tests/test_corpus.py::TestConceptDedup::test_overlap_report_generated PASSED [ 26%]
tests/test_corpus.py::TestConceptDedup::test_merged_nodes_no_lesson_slug PASSED [ 26%]
tests/test_corpus.py::TestConceptDedup::test_merged_relations_no_lesson_slug PASSED [ 26%]
tests/test_corpus.py::TestValidatorCatchesBadData::test_missing_required_artifact PASSED [ 27%]
tests/test_corpus.py::TestValidatorCatchesBadData::test_strict_mode_promotes_warnings PASSED [ 27%]
tests/test_corpus.py::TestValidatorCatchesBadData::test_duplicate_global_id_detected PASSED [ 27%]
tests/test_corpus.py::TestValidatorCatchesBadData::test_orphan_evidence_ref_warned PASSED [ 27%]
tests/test_corpus.py::TestValidatorCatchesBadData::test_graph_dangling_relation_detected PASSED [ 27%]
tests/test_corpus.py::TestProximityFallback::test_attach_evidence_by_proximity_links_orphan PASSED [ 27%]
tests/test_corpus.py::TestProximityFallback::test_proximity_skips_already_linked PASSED [ 28%]
tests/test_corpus.py::TestProximityFallback::test_proximity_too_far_no_link PASSED [ 28%]
tests/test_corpus.py::TestCoverageStats::test_metadata_has_coverage_fields PASSED [ 28%]
tests/test_corpus.py::TestCoverageStats::test_full_coverage_shows_100 PASSED [ 28%]
tests/test_dense_analyzer.py::test_run_analysis_prefills_non_queue_frames PASSED [ 28%]
tests/test_dense_analyzer.py::test_run_analysis_only_analyzes_queue_keys PASSED [ 28%]
tests/test_dense_analyzer.py::test_run_analysis_persists_request_usage PASSED [ 29%]
tests/test_dense_analyzer.py::test_batch_carry_forward_passes_batch_relevant_state PASSED [ 29%]
tests/test_dense_analyzer.py::test_partition_queue_keys_splits_in_stable_order PASSED [ 29%]
tests/test_dense_analyzer.py::test_chunk_workers_are_capped_to_cpu_minus_two PASSED [ 29%]
tests/test_dense_analyzer.py::test_chunk_mode_reprocesses_boundary_and_replays_chunk PASSED [ 29%]
tests/test_dense_analyzer.py::test_chunk_mode_disabled_falls_back_to_sequential PASSED [ 29%]
tests/test_dense_analyzer_batch.py::test_dense_analyzer_batch_emit_and_materialize PASSED [ 30%]
tests/test_evidence_linker.py::test_adapt_visual_events_from_chunks_preserves_chunk_index_and_fields PASSED [ 30%]
tests/test_evidence_linker.py::test_enrich_visual_event_from_dense_analysis_adds_metadata PASSED [ 30%]
tests/test_evidence_linker.py::test_enrich_visual_event_missing_frame_key_unchanged PASSED [ 30%]
tests/test_evidence_linker.py::test_group_visual_events_same_chunk_close_time_one_candidate PASSED [ 30%]
tests/test_evidence_linker.py::test_group_visual_events_split_on_chunk_or_gap PASSED [ 30%]
tests/test_evidence_linker.py::test_extract_visual_concept_hints_false_breakout_level PASSED [ 31%]
tests/test_evidence_linker.py::test_score_candidate_event_match_above_threshold_same_chunk_concept PASSED [ 31%]
tests/test_evidence_linker.py::test_score_candidate_event_match_below_threshold_different_chunk_unrelated_concept PASSED [ 31%]
tests/test_evidence_linker.py::test_candidate_to_evidence_ref_has_timestamps_frame_ids_source_event_ids PASSED [ 31%]
tests/test_evidence_linker.py::test_evidence_index_serialization PASSED  [ 31%]
tests/test_evidence_linker.py::test_enable_evidence_linking_false_no_evidence_files PASSED [ 31%]
tests/test_evidence_linker.py::test_enable_evidence_linking_true_with_knowledge_events_writes_evidence_files PASSED [ 32%]
tests/test_evidence_linker.py::test_load_chunks_json_valid_array PASSED  [ 32%]
tests/test_evidence_linker.py::test_load_chunks_json_not_array_raises PASSED [ 32%]
tests/test_evidence_linker.py::test_save_evidence_index_and_debug PASSED [ 32%]
tests/test_evidence_linker.py::test_build_evidence_index_returns_index_and_debug PASSED [ 32%]
tests/test_evidence_linker.py::test_load_knowledge_events PASSED         [ 32%]
tests/test_evidence_linker.py::test_summarize_visual_candidate_for_evidence PASSED [ 33%]
tests/test_evidence_linker.py::test_backfill_knowledge_event_evidence_refs_populates_events PASSED [ 33%]
tests/test_evidence_linker.py::test_backfill_evidence_linked_rule_ids_populates_evidence PASSED [ 33%]
tests/test_evidence_linker.py::test_infer_example_role_unlinked_generic_defaults_to_illustration PASSED [ 33%]
tests/test_evidence_linker.py::test_infer_example_role_intro_or_setup_returns_illustration PASSED [ 33%]
tests/test_evidence_linker.py::test_infer_example_role_diagram_without_invalidation_returns_illustration PASSED [ 33%]
tests/test_evidence_linker.py::test_infer_example_role_counterexample_only_with_invalidation_event PASSED [ 34%]
tests/test_evidence_linker.py::test_intro_slide_with_overlay_is_illustration_not_counterexample PASSED [ 34%]
tests/test_evidence_linker.py::test_explicit_failed_breakout_can_be_counterexample PASSED [ 34%]
tests/test_evidence_linker.py::test_generic_qa_slide_does_not_promote PASSED [ 34%]
tests/test_evidence_linker.py::test_annotated_chart_can_promote PASSED   [ 34%]
tests/test_evidence_linker.py::test_title_slide_does_not_promote PASSED  [ 34%]
tests/test_evidence_linker.py::test_no_linked_events_means_no_promotion PASSED [ 35%]
tests/test_evidence_linker.py::test_overlinked_needs_stronger_signals PASSED [ 35%]
tests/test_evidence_linker.py::test_promotion_reason_debug_metadata PASSED [ 35%]
tests/test_exporters.py::test_load_rule_cards PASSED                     [ 35%]
tests/test_exporters.py::test_load_evidence_index PASSED                 [ 35%]
tests/test_exporters.py::test_load_knowledge_events_missing PASSED       [ 35%]
tests/test_exporters.py::test_load_knowledge_events_present PASSED       [ 36%]
tests/test_exporters.py::test_build_export_context PASSED                [ 36%]
tests/test_exporters.py::test_group_rule_cards_for_export PASSED         [ 36%]
tests/test_exporters.py::test_sort_rule_cards_deterministic PASSED       [ 36%]
tests/test_exporters.py::test_format_bullet_block PASSED                 [ 36%]
tests/test_exporters.py::test_dedupe_preserve_order PASSED               [ 36%]
tests/test_exporters.py::test_clean_markdown_text PASSED                 [ 37%]
tests/test_exporters.py::test_render_review_markdown_deterministic_includes_structure PASSED [ 37%]
tests/test_exporters.py::test_review_empty_sections_omitted PASSED       [ 37%]
tests/test_exporters.py::test_render_rag_markdown_deterministic_compact PASSED [ 37%]
tests/test_exporters.py::test_render_review_markdown_deterministic_returns_empty_usage PASSED [ 37%]
tests/test_exporters.py::test_render_rag_markdown_deterministic_returns_empty_usage PASSED [ 37%]
tests/test_exporters.py::test_ensure_parent_dir_and_save_review_markdown PASSED [ 37%]
tests/test_exporters.py::test_save_rag_markdown PASSED                   [ 38%]
tests/test_exporters.py::test_save_export_debug PASSED                   [ 38%]
tests/test_exporters.py::test_write_export_manifest PASSED               [ 38%]
tests/test_exporters.py::test_export_review_markdown_writes_file PASSED  [ 38%]
tests/test_exporters.py::test_export_rag_markdown_writes_file PASSED     [ 38%]
tests/test_exporters.py::test_export_review_markdown_with_missing_knowledge_events PASSED [ 38%]
tests/test_exporters.py::test_llm_render_receives_structured_inputs_only PASSED [ 39%]
tests/test_exporters.py::test_deterministic_export_does_not_require_raw_chunks PASSED [ 39%]
tests/test_exporters.py::test_rag_timestamp_rendered_when_available PASSED [ 39%]
tests/test_exporters.py::test_rag_no_timestamp_when_missing PASSED       [ 39%]
tests/test_gemini_batch_client.py::test_build_generate_content_batch_line_omits_optional_fields PASSED [ 39%]
tests/test_gemini_batch_client.py::test_build_generate_content_batch_line_includes_system_instruction PASSED [ 39%]
tests/test_gemini_batch_client.py::test_extract_result_text_joins_multiple_parts PASSED [ 40%]
tests/test_gemini_batch_client.py::test_iter_result_jsonl_skips_blank_lines PASSED [ 40%]
tests/test_gemini_batch_client.py::test_upload_jsonl_sets_plain_text_mime_type PASSED [ 40%]
tests/test_gemini_batch_client.py::test_download_result_file_uses_file_keyword PASSED [ 40%]
tests/test_knowledge_builder.py::test_extraction_result_to_knowledge_events_uses_line_indices_for_tighter_timestamps PASSED [ 40%]
tests/test_knowledge_builder.py::test_extraction_result_to_knowledge_events_falls_back_to_source_quote_match PASSED [ 40%]
tests/test_knowledge_builder.py::test_extraction_result_to_knowledge_events_invalid_line_indices_fall_back_to_chunk_bounds PASSED [ 41%]
tests/test_knowledge_builder.py::test_adapt_chunk_from_real_shape PASSED [ 41%]
tests/test_knowledge_builder.py::test_build_transcript_text_normalizes_blanks_and_spaces PASSED [ 41%]
tests/test_knowledge_builder.py::test_summarize_visual_events_non_empty_capped_no_raw_dump PASSED [ 41%]
tests/test_knowledge_builder.py::test_extraction_mapping_and_deterministic_ids PASSED [ 41%]
tests/test_knowledge_builder.py::test_provenance_metadata_present PASSED [ 41%]
tests/test_knowledge_builder.py::test_collection_serialization_roundtrip PASSED [ 42%]
tests/test_knowledge_builder.py::test_feature_flag_safe_when_disabled PASSED [ 42%]
tests/test_knowledge_builder.py::test_blank_and_short_statements_skipped PASSED [ 42%]
tests/test_knowledge_builder.py::test_dedupe_statements_removes_duplicates PASSED [ 42%]
tests/test_knowledge_builder.py::test_normalize_statement_text PASSED    [ 42%]
tests/test_knowledge_builder.py::test_load_chunks_json PASSED            [ 42%]
tests/test_knowledge_builder.py::test_save_knowledge_events_preserves_phase2a_fields PASSED [ 43%]
tests/test_knowledge_builder.py::test_extraction_result_to_knowledge_events_emits_phase2a_fields PASSED [ 43%]
tests/test_knowledge_builder.py::test_compact_explicit_anchor_gets_line_confidence PASSED [ 43%]
tests/test_knowledge_builder.py::test_broader_local_anchor_gets_span_confidence PASSED [ 43%]
tests/test_knowledge_builder.py::test_sparse_anchor_downgrades_to_chunk PASSED [ 43%]
tests/test_knowledge_builder.py::test_line_confidence_for_compact_dense_span PASSED [ 43%]
tests/test_knowledge_builder.py::test_span_confidence_for_width_four PASSED [ 44%]
tests/test_knowledge_builder.py::test_chunk_confidence_without_line_bounds PASSED [ 44%]
tests/test_knowledge_builder.py::test_save_knowledge_events_and_debug PASSED [ 44%]
tests/test_knowledge_builder.py::test_build_knowledge_events_from_file_uses_adapt_and_extract PASSED [ 44%]
tests/test_labeling_manifest.py::test_labeling_manifest_skips_generic_intro_counterexample PASSED [ 44%]
tests/test_llm_processor.py::test_build_legacy_markdown_prompt_produces_expected_structure PASSED [ 44%]
tests/test_llm_processor.py::test_build_knowledge_extract_prompt_contains_transcript_and_visuals PASSED [ 45%]
tests/test_llm_processor.py::test_build_knowledge_extract_prompt_renders_numbered_transcript_lines PASSED [ 45%]
tests/test_llm_processor.py::test_parse_knowledge_extraction_accepts_source_line_indices_and_source_quote PASSED [ 45%]
tests/test_llm_processor.py::test_parse_knowledge_extraction_accepts_fenced_json PASSED [ 45%]
tests/test_llm_processor.py::test_build_markdown_render_prompt_uses_rule_cards_and_evidence PASSED [ 45%]
tests/test_llm_processor.py::test_call_provider_for_mode_returns_parsed_and_usage PASSED [ 45%]
tests/test_llm_processor.py::test_process_chunk_knowledge_extract_returns_chunk_extraction_result PASSED [ 46%]
tests/test_llm_processor.py::test_process_rule_cards_markdown_render_returns_markdown_render_result PASSED [ 46%]
tests/test_llm_processor.py::test_parse_legacy_enriched_markdown_chunk PASSED [ 46%]
tests/test_llm_processor.py::test_write_llm_debug_writes_rows PASSED     [ 46%]
tests/test_llm_processor.py::test_write_llm_debug_legacy_debug_rows PASSED [ 46%]
tests/test_llm_processor.py::test_backward_compatibility_process_chunks_alias PASSED [ 46%]
tests/test_llm_processor_batch.py::test_knowledge_extract_batch_emit_and_materialize PASSED [ 47%]
tests/test_llm_processor_batch.py::test_markdown_render_batch_emit_and_materialize PASSED [ 47%]
tests/test_main.py::test_key_to_timestamp PASSED                         [ 47%]
tests/test_main.py::test_pipeline_main_help PASSED                       [ 47%]
tests/test_main.py::test_pipeline_main_step3_runs_component2 PASSED      [ 47%]
tests/test_ml_prep.py::test_infer_candidate_features_level_rating PASSED [ 47%]
tests/test_ml_prep.py::test_distribute_example_refs_for_ml PASSED        [ 48%]
tests/test_ml_prep.py::test_build_labeling_guidance PASSED               [ 48%]
tests/test_ml_prep.py::test_enrich_rule_card_for_ml_preserves_provenance PASSED [ 48%]
tests/test_ml_prep.py::test_build_ml_manifest PASSED                     [ 48%]
tests/test_ml_prep.py::test_compute_ml_readiness_coverage PASSED         [ 48%]
tests/test_ml_prep.py::test_save_ml_manifest PASSED                      [ 48%]
tests/test_ml_prep.py::test_feature_flag_safe_no_ml_prep PASSED          [ 49%]
tests/test_ml_prep.py::test_enrich_rule_card_collection_for_ml PASSED    [ 49%]
tests/test_ml_prep.py::test_build_evidence_lookup PASSED                 [ 49%]
tests/test_ml_prep.py::test_is_evidence_ml_eligible_false_when_empty_linked_rule_ids PASSED [ 49%]
tests/test_ml_prep.py::test_is_evidence_ml_eligible_false_when_empty_source_event_ids PASSED [ 49%]
tests/test_ml_prep.py::test_is_evidence_ml_eligible_false_when_illustration_role PASSED [ 49%]
tests/test_ml_prep.py::test_is_evidence_ml_eligible_true_when_eligible_positive_example PASSED [ 50%]
tests/test_ml_prep.py::test_is_evidence_ml_eligible_false_when_intro_summary PASSED [ 50%]
tests/test_ml_prep.py::test_distribute_example_refs_for_ml_excludes_ineligible_counterexample PASSED [ 50%]
tests/test_ml_prep.py::test_distribute_example_refs_for_ml_includes_eligible_counterexample PASSED [ 50%]
tests/test_ml_prep.py::test_generic_teaching_visual_not_ml_eligible PASSED [ 50%]
tests/test_ml_prep.py::test_generic_visual_marked_counterexample_is_rejected_by_ml_gate PASSED [ 50%]
tests/test_ml_prep.py::test_explicit_negative_evidence_is_ml_eligible PASSED [ 50%]
tests/test_ml_prep.py::test_illustration_is_not_ml_eligible PASSED       [ 51%]
tests/test_ml_prep.py::test_positive_example_is_ml_eligible PASSED       [ 51%]
tests/test_ml_prep.py::test_labeling_manifest_empty_when_only_illustrations PASSED [ 51%]
tests/test_ml_prep.py::test_ml_examples_excludes_illustrations PASSED    [ 51%]
tests/test_ml_prep.py::test_insufficient_visual_specificity_blocks_ml_eligibility PASSED [ 51%]
tests/test_ml_prep.py::test_generic_teaching_visual_blocks_ml_eligibility PASSED [ 51%]
tests/test_ml_prep.py::test_concrete_counterexample_remains_ml_eligible PASSED [ 52%]
tests/test_ml_prep.py::test_build_ml_examples_excludes_weak_specificity PASSED [ 52%]
tests/test_ml_prep.py::test_attach_rule_example_refs_ignores_weak_specificity PASSED [ 52%]
tests/test_ml_prep.py::test_labeling_tasks_excludes_weak_specificity PASSED [ 52%]
tests/test_mlx_client.py::test_chat_image_converts_path_to_base64_and_sends_image_base64 PASSED [ 52%]
tests/test_mlx_client.py::test_chat_image_with_on_event_emits_events_after_non_stream_response PASSED [ 52%]
tests/test_output_layout.py::test_pipeline_paths_deterministic PASSED    [ 53%]
tests/test_output_layout.py::test_ensure_output_dirs PASSED              [ 53%]
tests/test_output_layout.py::test_legacy_and_new_rag_paths_do_not_conflict PASSED [ 53%]
tests/test_output_layout.py::test_batch_paths_are_deterministic PASSED   [ 53%]
tests/test_output_layout.py::test_ensure_batch_dirs PASSED               [ 53%]
tests/test_output_layout.py::test_atomic_write_json PASSED               [ 53%]
tests/test_output_layout.py::test_build_export_manifest_only_existing PASSED [ 54%]
tests/test_parallelization.py::test_dense_capturer_segments_and_renumbers PASSED [ 54%]
tests/test_parallelization.py::test_dense_capturer_caps_workers PASSED   [ 54%]
tests/test_parallelization.py::test_structural_compare_parallel_path PASSED [ 54%]
tests/test_parallelization.py::test_frame_extractor_uses_worker_cap PASSED [ 54%]
tests/test_phase1_export_validation.py::test_placeholder_rule_removed_before_final_export PASSED [ 54%]
tests/test_phase1_export_validation.py::test_ml_enrichment_no_guidance_for_invalid_rule PASSED [ 55%]
tests/test_phase1_export_validation.py::test_ml_manifest_skips_invalid_rules PASSED [ 55%]
tests/test_phase1_export_validation.py::test_false_breakout_not_auto_counterexample PASSED [ 55%]
tests/test_phase1_export_validation.py::test_post_ml_validation_catches_bad_rules PASSED [ 55%]
tests/test_phase1_export_validation.py::test_final_evidence_export_rejects_empty_source_event_ids PASSED [ 55%]
tests/test_phase1_export_validation.py::test_final_evidence_export_rejects_empty_linked_rule_ids PASSED [ 55%]
tests/test_phase1_export_validation.py::test_final_knowledge_export_rejects_placeholder_event PASSED [ 56%]
tests/test_phase1_export_validation.py::test_final_knowledge_export_allows_empty_source_event_ids_when_event_is_otherwise_valid PASSED [ 56%]
tests/test_phase1_validation.py::test_reject_placeholder_rule_card PASSED [ 56%]
tests/test_phase1_validation.py::test_accept_minimal_valid_rule_card PASSED [ 56%]
tests/test_phase1_validation.py::test_reject_empty_knowledge_event_text PASSED [ 56%]
tests/test_phase1_validation.py::test_reject_evidence_with_no_frames_and_no_raw_visual_ids PASSED [ 56%]
tests/test_phase1_validation.py::test_allow_unlinked_evidence_pre_reduction PASSED [ 57%]
tests/test_phase1_validation.py::test_blank_labeling_guidance_for_invalid_rule PASSED [ 57%]
tests/test_phase1_validation.py::test_placeholder_helpers PASSED         [ 57%]
tests/test_pipeline_cross_artifact_refs.py::test_cross_artifact_references_validator_consistent_returns_empty PASSED [ 57%]
tests/test_pipeline_cross_artifact_refs.py::test_knowledge_event_source_event_ids_are_not_required_for_cross_artifact_integrity PASSED [ 57%]
tests/test_pipeline_cross_artifact_refs.py::test_evidence_source_events_resolve PASSED [ 57%]
tests/test_pipeline_cross_artifact_refs.py::test_rule_source_events_resolve PASSED [ 58%]
tests/test_pipeline_cross_artifact_refs.py::test_rule_evidence_refs_resolve PASSED [ 58%]
tests/test_pipeline_cross_artifact_refs.py::test_ml_example_refs_resolve PASSED [ 58%]
tests/test_pipeline_cross_artifact_refs.py::test_cross_artifact_references_validator_rejects_broken_refs PASSED [ 58%]
tests/test_pipeline_degraded_inputs.py::test_sparse_transcript_pipeline_survives PASSED [ 58%]
tests/test_pipeline_degraded_inputs.py::test_weak_visuals_pipeline_survives PASSED [ 58%]
tests/test_pipeline_degraded_inputs.py::test_ambiguous_examples_do_not_become_positive PASSED [ 59%]
tests/test_pipeline_degraded_inputs.py::test_missing_concepts_do_not_crash_pipeline PASSED [ 59%]
tests/test_pipeline_exports.py::test_review_markdown_structure PASSED    [ 59%]
tests/test_pipeline_exports.py::test_rag_markdown_compact PASSED         [ 59%]
tests/test_pipeline_exports.py::test_export_outputs_distinct PASSED      [ 59%]
tests/test_pipeline_exports.py::test_no_transcript_replay_in_markdown PASSED [ 59%]
tests/test_pipeline_exports.py::test_markdown_passes_visual_spam_validator PASSED [ 60%]
tests/test_pipeline_inspection.py::test_inspect_stages_resolves_core_modules PASSED [ 60%]
tests/test_pipeline_inspection.py::test_pipeline_paths_matches_output_structure PASSED [ 60%]
tests/test_pipeline_inspection.py::test_preflight_report_generation PASSED [ 60%]
tests/test_pipeline_inspection.py::test_build_report_includes_artifact_checks PASSED [ 60%]
tests/test_pipeline_inspection.py::test_feature_flags_default_to_legacy PASSED [ 60%]
tests/test_pipeline_inspection.py::test_run_component2_pipeline_creates_inspection_and_same_output_keys PASSED [ 61%]
tests/test_pipeline_integration.py::test_step3_to_step4_integration PASSED [ 61%]
tests/test_pipeline_integration.py::test_step4_to_step5_integration PASSED [ 61%]
tests/test_pipeline_integration.py::test_rule_cards_to_concept_graph_integration PASSED [ 61%]
tests/test_pipeline_integration.py::test_rule_cards_to_ml_prep_integration PASSED [ 61%]
tests/test_pipeline_integration.py::test_rule_cards_to_exporters_integration PASSED [ 61%]
tests/test_pipeline_integration.py::test_full_structured_pipeline_smoke PASSED [ 62%]
tests/test_pipeline_invariants.py::test_every_knowledge_event_has_event_id PASSED [ 62%]
tests/test_pipeline_invariants.py::test_every_knowledge_event_has_phase1_provenance_fields PASSED [ 62%]
tests/test_pipeline_invariants.py::test_every_evidence_ref_has_evidence_id PASSED [ 62%]
tests/test_pipeline_invariants.py::test_every_rule_card_has_rule_id PASSED [ 62%]
tests/test_pipeline_invariants.py::test_every_rule_card_has_source_event_ids PASSED [ 62%]
tests/test_pipeline_invariants.py::test_every_evidence_ref_has_visual_provenance PASSED [ 62%]
tests/test_pipeline_invariants.py::test_every_evidence_ref_has_source_event_ids PASSED [ 63%]
tests/test_pipeline_invariants.py::test_confidence_fields_valid PASSED   [ 63%]
tests/test_pipeline_invariants.py::test_no_visual_blob_leakage_in_structured_outputs PASSED [ 63%]
tests/test_pipeline_invariants.py::test_visual_summaries_compact PASSED  [ 63%]
tests/test_pipeline_invariants.py::test_export_outputs_distinct PASSED   [ 63%]
tests/test_pipeline_optional_live.py::test_live_provider_extraction_optional PASSED [ 63%]
tests/test_pipeline_optional_live.py::test_live_provider_markdown_render_optional PASSED [ 64%]
tests/test_pipeline_regression.py::test_lesson_minimal_regression_counts PASSED [ 64%]
tests/test_pipeline_regression.py::test_lesson_multi_concept_regression_counts PASSED [ 64%]
tests/test_pipeline_regression.py::test_exporter_output_structure_regression PASSED [ 64%]
tests/test_provenance.py::test_dedupe_preserve_order PASSED              [ 64%]
tests/test_provenance.py::test_compact_nonempty_strs PASSED              [ 64%]
tests/test_provenance.py::test_compact_nonempty_ints PASSED              [ 65%]
tests/test_provenance.py::test_prune_none_values PASSED                  [ 65%]
tests/test_provenance.py::test_build_knowledge_event_provenance PASSED   [ 65%]
tests/test_provenance.py::test_build_evidence_ref_provenance PASSED      [ 65%]
tests/test_provenance.py::test_build_rule_card_provenance PASSED         [ 65%]
tests/test_provenance.py::test_validate_rule_card_provenance_warns_on_missing_source_ids PASSED [ 65%]
tests/test_provenance.py::test_validate_knowledge_event_provenance_warnings PASSED [ 66%]
tests/test_provenance.py::test_validate_evidence_ref_provenance_warnings PASSED [ 66%]
tests/test_provenance.py::test_compute_provenance_coverage PASSED        [ 66%]
tests/test_provenance.py::test_merge_source_event_ids_deduped_and_ordered PASSED [ 66%]
tests/test_provenance.py::test_merge_evidence_refs_deduped_and_ordered PASSED [ 66%]
tests/test_provenance.py::test_format_compact_provenance PASSED          [ 66%]
tests/test_provenance.py::test_format_compact_provenance_returns_none_when_empty PASSED [ 67%]
tests/test_rag.py::TestRetrievalDocBuild::test_docs_created PASSED       [ 67%]
tests/test_rag.py::TestRetrievalDocBuild::test_unit_types_present PASSED [ 67%]
tests/test_rag.py::TestRetrievalDocBuild::test_rule_card_fields PASSED   [ 67%]
tests/test_rag.py::TestRetrievalDocBuild::test_knowledge_event_fields PASSED [ 67%]
tests/test_rag.py::TestRetrievalDocBuild::test_evidence_ref_fields PASSED [ 67%]
tests/test_rag.py::TestRetrievalDocBuild::test_concept_node_fields PASSED [ 68%]
tests/test_rag.py::TestRetrievalDocBuild::test_concept_relation_fields PASSED [ 68%]
tests/test_rag.py::TestRetrievalDocBuild::test_short_text_populated PASSED [ 68%]
tests/test_rag.py::TestLexicalRetrieval::test_search_returns_results PASSED [ 68%]
tests/test_rag.py::TestLexicalRetrieval::test_concept_query_finds_rules PASSED [ 68%]
tests/test_rag.py::TestLexicalRetrieval::test_unit_type_filter PASSED    [ 68%]
tests/test_rag.py::TestLexicalRetrieval::test_tokenizer PASSED           [ 69%]
tests/test_rag.py::TestLexicalRetrieval::test_empty_query_returns_empty PASSED [ 69%]
tests/test_rag.py::TestVectorRetrieval::test_embedding_build_and_shape PASSED [ 69%]
tests/test_rag.py::TestVectorRetrieval::test_embedding_persist_and_load PASSED [ 69%]
tests/test_rag.py::TestVectorRetrieval::test_vector_search_returns_results PASSED [ 69%]
tests/test_rag.py::TestGraphExpansion::test_detect_concept PASSED        [ 69%]
tests/test_rag.py::TestGraphExpansion::test_alias_resolution PASSED      [ 70%]
tests/test_rag.py::TestGraphExpansion::test_expansion_returns_neighbors PASSED [ 70%]
tests/test_rag.py::TestGraphExpansion::test_no_concepts_empty_expansion PASSED [ 70%]
tests/test_rag.py::TestHybridMerge::test_merge_deduplicates PASSED       [ 70%]
tests/test_rag.py::TestReranking::test_rerank_produces_breakdown PASSED  [ 70%]
tests/test_rag.py::TestReranking::test_exact_beats_partial PASSED        [ 70%]
tests/test_rag.py::TestReranking::test_empty_candidates PASSED           [ 71%]
tests/test_rag.py::TestAPI::test_health_uninitialized PASSED             [ 71%]
tests/test_rag.py::TestAPI::test_search_uninitialized_returns_503 PASSED [ 71%]
tests/test_rag.py::TestAPI::test_doc_uninitialized_returns_503 PASSED    [ 71%]
tests/test_rag.py::TestEvalHarness::test_curated_queries_exist PASSED    [ 71%]
tests/test_rag.py::TestEvalHarness::test_query_categories_covered PASSED [ 71%]
tests/test_rag.py::TestMultilingual::test_russian_query_finds_docs PASSED [ 72%]
tests/test_rag.py::TestMultilingual::test_english_query_finds_docs PASSED [ 72%]
tests/test_rag.py::TestMultilingual::test_mixed_query PASSED             [ 72%]
tests/test_rag.py::TestStorePersistence::test_save_load_roundtrip PASSED [ 72%]
tests/test_rag.py::TestStorePersistence::test_filter_by_unit PASSED      [ 72%]
tests/test_rag.py::TestStorePersistence::test_facets PASSED              [ 72%]
tests/test_request_keys.py::test_slugify_lesson_name_normalizes_spaces_and_case PASSED [ 73%]
tests/test_request_keys.py::test_make_request_key_round_trips PASSED     [ 73%]
tests/test_request_keys.py::test_parse_request_key_rejects_invalid_shape PASSED [ 73%]
tests/test_rule_compat.py::TestContradictoryPositiveBlocked::test_bullish_bearish_conflict PASSED [ 73%]
tests/test_rule_compat.py::TestContradictoryPositiveBlocked::test_single_rule_always_compatible PASSED [ 73%]
tests/test_rule_compat.py::TestContradictoryPositiveBlocked::test_same_direction_allowed PASSED [ 73%]
tests/test_rule_compat.py::TestContradictoryPositiveBlocked::test_breakout_up_vs_down_blocked PASSED [ 74%]
tests/test_rule_compat.py::TestContradictoryPositiveBlocked::test_unknown_multi_rule_blocked PASSED [ 74%]
tests/test_rule_compat.py::TestMLSafetyConservative::test_conflicting_directions_unsafe PASSED [ 74%]
tests/test_rule_compat.py::TestMLSafetyConservative::test_unknown_multi_rule_unsafe PASSED [ 74%]
tests/test_rule_compat.py::TestMLSafetyConservative::test_single_rule_safe PASSED [ 74%]
tests/test_rule_compat.py::TestMLSafetyConservative::test_no_linked_rules_unsafe PASSED [ 74%]
tests/test_rule_compat.py::TestMLSafetyConservative::test_compatible_multi_rule_safe PASSED [ 75%]
tests/test_rule_compat.py::TestInferRuleDirection::test_bullish PASSED   [ 75%]
tests/test_rule_compat.py::TestInferRuleDirection::test_bearish PASSED   [ 75%]
tests/test_rule_compat.py::TestInferRuleDirection::test_breakout_up PASSED [ 75%]
tests/test_rule_compat.py::TestInferRuleDirection::test_breakout_down PASSED [ 75%]
tests/test_rule_compat.py::TestInferRuleDirection::test_reversal_up PASSED [ 75%]
tests/test_rule_compat.py::TestInferRuleDirection::test_reversal_down PASSED [ 75%]
tests/test_rule_compat.py::TestInferRuleDirection::test_neutral PASSED   [ 76%]
tests/test_rule_compat.py::TestInferRuleDirection::test_unknown PASSED   [ 76%]
tests/test_rule_compat.py::TestInferRuleDirection::test_empty PASSED     [ 76%]
tests/test_rule_compat.py::TestAreDirectionsConflicting::test_same_not_conflicting PASSED [ 76%]
tests/test_rule_compat.py::TestAreDirectionsConflicting::test_bullish_bearish_conflicting PASSED [ 76%]
tests/test_rule_compat.py::TestAreDirectionsConflicting::test_unknown_always_conflicting PASSED [ 76%]
tests/test_rule_compat.py::TestAreDirectionsConflicting::test_neutral_not_conflicting_with_itself PASSED [ 77%]
tests/test_rule_compat.py::TestRussianBackfill::test_knowledge_event_ru_fields PASSED [ 77%]
tests/test_rule_compat.py::TestRussianBackfill::test_knowledge_event_ru_fields_default_none PASSED [ 77%]
tests/test_rule_compat.py::TestRussianBackfill::test_rule_card_ru_fields PASSED [ 77%]
tests/test_rule_compat.py::TestRussianBackfill::test_rule_card_ru_fields_default_none PASSED [ 77%]
tests/test_rule_compat.py::TestRussianBackfill::test_evidence_ref_summary_ru PASSED [ 77%]
tests/test_rule_compat.py::TestRussianBackfill::test_evidence_ref_summary_ru_default_none PASSED [ 78%]
tests/test_rule_compat.py::TestLanguageAwareSummary::test_russian_summary_goes_to_summary_ru PASSED [ 78%]
tests/test_rule_compat.py::TestLanguageAwareSummary::test_english_summary_does_not_go_to_summary_ru PASSED [ 78%]
tests/test_rule_compat.py::TestLanguageAwareSummary::test_legacy_compact_visual_summary_preserved PASSED [ 78%]
tests/test_rule_compat.py::TestLanguageAwareSummary::test_ambiguous_empty_summary_stays_safe PASSED [ 78%]
tests/test_rule_compat.py::TestLanguageAwareSummary::test_detect_summary_language_mixed PASSED [ 78%]
tests/test_rule_reducer.py::test_load_valid_knowledge_events PASSED      [ 79%]
tests/test_rule_reducer.py::test_load_valid_evidence_index PASSED        [ 79%]
tests/test_rule_reducer.py::test_load_empty_collections PASSED           [ 79%]
tests/test_rule_reducer.py::test_group_compatible_events_same_concept_subconcept_section PASSED [ 79%]
tests/test_rule_reducer.py::test_do_not_merge_different_subconcepts PASSED [ 79%]
tests/test_rule_reducer.py::test_do_not_merge_unrelated_rule_statements PASSED [ 79%]
tests/test_rule_reducer.py::test_attach_evidence_by_source_event_ids PASSED [ 80%]
tests/test_rule_reducer.py::test_split_overbroad_candidate_multiple_subconcepts PASSED [ 80%]
tests/test_rule_reducer.py::test_split_overbroad_candidate_low_similarity_primaries PASSED [ 80%]
tests/test_rule_reducer.py::test_choose_canonical_rule_text_prefers_rule_statement PASSED [ 80%]
tests/test_rule_reducer.py::test_choose_canonical_rule_text_single_sentence PASSED [ 80%]
tests/test_rule_reducer.py::test_build_final_rule_card_has_required_fields PASSED [ 80%]
tests/test_rule_reducer.py::test_distribute_example_refs_maps_to_ml_fields PASSED [ 81%]
tests/test_rule_reducer.py::test_confidence_scoring_stronger_above_weaker PASSED [ 81%]
tests/test_rule_reducer.py::test_rule_card_collection_serializes PASSED  [ 81%]
tests/test_rule_reducer.py::test_build_rule_cards_returns_valid_collection PASSED [ 81%]
tests/test_rule_reducer.py::test_enable_rule_cards_false_no_rule_files PASSED [ 81%]
tests/test_rule_reducer.py::test_save_rule_cards_and_debug PASSED        [ 81%]
tests/test_rule_reducer.py::test_normalize_text_for_match PASSED         [ 82%]
tests/test_rule_reducer.py::test_simple_text_similarity PASSED           [ 82%]
tests/test_rule_reducer.py::test_summarize_evidence_for_rule_card_one_ref PASSED [ 82%]
tests/test_rule_reducer.py::test_collect_condition_and_invalidation_texts PASSED [ 82%]
tests/test_schemas.py::test_knowledge_event_with_line_confidence_requires_anchor_fields PASSED [ 82%]
tests/test_schemas.py::test_line_confidence_requires_anchor_diagnostics PASSED [ 82%]
tests/test_schemas.py::test_valid_knowledge_event PASSED                 [ 83%]
tests/test_schemas.py::test_blank_text_rejected PASSED                   [ 83%]
tests/test_schemas.py::test_valid_rule_card PASSED                       [ 83%]
tests/test_schemas.py::test_rule_card_requires_concept_and_rule_text PASSED [ 83%]
tests/test_schemas.py::test_confidence_score_bounds PASSED               [ 83%]
tests/test_schemas.py::test_unknown_field_rejected PASSED                [ 83%]
tests/test_schemas.py::test_valid_evidence_ref PASSED                    [ 84%]
tests/test_schemas.py::test_bundle_serialization PASSED                  [ 84%]
tests/test_state_store.py::test_state_store_initializes_schema_and_upserts PASSED [ 84%]
tests/test_state_store.py::test_create_or_reuse_stage_run_and_force_new_attempt PASSED [ 84%]
tests/test_state_store.py::test_record_spool_request_and_mark_statuses PASSED [ 84%]
tests/test_state_store.py::test_summarize_status_reports_counts PASSED   [ 84%]
tests/test_stream_events.py::test_emit_invokes_callback_with_event_shape PASSED [ 85%]
tests/test_stream_events.py::test_emit_no_op_when_callback_none PASSED   [ 85%]
tests/test_support_policy.py::TestDefaultEventPolicy::test_all_event_types_present PASSED [ 85%]
tests/test_support_policy.py::TestDefaultEventPolicy::test_theory_types_require_no_evidence PASSED [ 85%]
tests/test_support_policy.py::TestDefaultEventPolicy::test_example_requires_evidence PASSED [ 85%]
tests/test_support_policy.py::TestClassifyTeachingMode::test_definition_always_theory PASSED [ 85%]
tests/test_support_policy.py::TestClassifyTeachingMode::test_comparison_always_theory PASSED [ 86%]
tests/test_support_policy.py::TestClassifyTeachingMode::test_example_always_example PASSED [ 86%]
tests/test_support_policy.py::TestClassifyTeachingMode::test_rule_statement_with_example_language_and_visuals_is_mixed PASSED [ 86%]
tests/test_support_policy.py::TestClassifyTeachingMode::test_rule_statement_plain_text_defaults_to_mixed PASSED [ 86%]
tests/test_support_policy.py::TestClassifyTeachingMode::test_condition_defaults_to_theory PASSED [ 86%]
tests/test_support_policy.py::TestClassifyEvidenceRequirement::test_example_mode_requires_evidence PASSED [ 86%]
tests/test_support_policy.py::TestClassifyEvidenceRequirement::test_definition_mode_no_evidence PASSED [ 87%]
tests/test_support_policy.py::TestClassifyEvidenceRequirement::test_rule_statement_optional PASSED [ 87%]
tests/test_support_policy.py::TestClassifyEvidenceRequirement::test_unknown_event_type_defaults_optional PASSED [ 87%]
tests/test_support_policy.py::TestClassifySupportBasis::test_transcript_primary PASSED [ 87%]
tests/test_support_policy.py::TestClassifySupportBasis::test_transcript_plus_visual PASSED [ 87%]
tests/test_support_policy.py::TestClassifySupportBasis::test_visual_primary PASSED [ 87%]
tests/test_support_policy.py::TestClassifySupportBasis::test_inferred PASSED [ 87%]
tests/test_support_policy.py::TestClassifySupportBasis::test_edge_thresholds PASSED [ 88%]
tests/test_support_policy.py::TestClassifyTranscriptSupportLevel::test_strong PASSED [ 88%]
tests/test_support_policy.py::TestClassifyTranscriptSupportLevel::test_moderate PASSED [ 88%]
tests/test_support_policy.py::TestClassifyTranscriptSupportLevel::test_weak PASSED [ 88%]
tests/test_support_policy.py::TestClassifyTranscriptSupportLevel::test_boundary_strong PASSED [ 88%]
tests/test_support_policy.py::TestClassifyTranscriptSupportLevel::test_boundary_moderate PASSED [ 88%]
tests/test_support_policy.py::TestClassifyVisualSupportLevel::test_none_when_zero PASSED [ 89%]
tests/test_support_policy.py::TestClassifyVisualSupportLevel::test_illustration PASSED [ 89%]
tests/test_support_policy.py::TestClassifyVisualSupportLevel::test_counterexample PASSED [ 89%]
tests/test_support_policy.py::TestClassifyVisualSupportLevel::test_ambiguous PASSED [ 89%]
tests/test_support_policy.py::TestClassifyVisualSupportLevel::test_strong_example PASSED [ 89%]
tests/test_support_policy.py::TestClassifyVisualSupportLevel::test_supporting_example PASSED [ 89%]
tests/test_support_policy.py::TestShouldRequireVisualEvidence::test_example_mode_requires PASSED [ 90%]
tests/test_support_policy.py::TestShouldRequireVisualEvidence::test_theory_mode_does_not_require PASSED [ 90%]
tests/test_support_policy.py::TestShouldRequireVisualEvidence::test_optional_does_not_require PASSED [ 90%]
tests/test_transcript_first_validation.py::TestSchemaFieldsExist::test_knowledge_event_has_support_fields PASSED [ 90%]
tests/test_transcript_first_validation.py::TestSchemaFieldsExist::test_rule_card_has_support_fields PASSED [ 90%]
tests/test_transcript_first_validation.py::TestSchemaFieldsExist::test_evidence_ref_has_strength_fields PASSED [ 90%]
tests/test_transcript_first_validation.py::TestValidationPolicy::test_rule_no_evidence_no_warning_when_requirement_none PASSED [ 91%]
tests/test_transcript_first_validation.py::TestValidationPolicy::test_rule_no_evidence_warning_when_visual_summary_and_requirement_optional PASSED [ 91%]
tests/test_transcript_first_validation.py::TestValidationPolicy::test_provenance_no_warning_visual_summary_when_requirement_none PASSED [ 91%]
tests/test_transcript_first_validation.py::TestTranscriptSupportScoring::test_line_confidence_gives_high_score PASSED [ 91%]
tests/test_transcript_first_validation.py::TestTranscriptSupportScoring::test_chunk_confidence_gives_lower_score PASSED [ 91%]
tests/test_transcript_first_validation.py::TestTranscriptSupportScoring::test_longer_text_boosts_score PASSED [ 91%]
tests/test_transcript_first_validation.py::TestConfidenceScoringTranscriptFirst::test_high_transcript_score_lifts_confidence PASSED [ 92%]
tests/test_transcript_first_validation.py::TestConfidenceScoringTranscriptFirst::test_rule_candidate_confidence_transcript_first PASSED [ 92%]
tests/test_transcript_first_validation.py::TestEvidenceClassifiers::test_classify_evidence_strength_weak PASSED [ 92%]
tests/test_transcript_first_validation.py::TestEvidenceClassifiers::test_classify_evidence_strength_strong PASSED [ 92%]
tests/test_transcript_first_validation.py::TestEvidenceClassifiers::test_classify_evidence_strength_moderate PASSED [ 92%]
tests/test_transcript_first_validation.py::TestEvidenceClassifiers::test_classify_evidence_role_detail_illustrates PASSED [ 92%]
tests/test_transcript_first_validation.py::TestEvidenceClassifiers::test_classify_evidence_role_detail_counterexample PASSED [ 93%]
tests/test_transcript_first_validation.py::TestKnowledgeEventNewFields::test_extraction_populates_support_fields PASSED [ 93%]
tests/test_transcript_first_validation.py::TestKnowledgeEventNewFields::test_theory_event_gets_transcript_primary PASSED [ 93%]
tests/test_transcript_first_validation.py::TestRealArtifactSupportFields::test_knowledge_events_have_support_fields[Lesson 2. Levels par] PASSED [ 93%]
tests/test_transcript_first_validation.py::TestRealArtifactSupportFields::test_knowledge_events_have_support_fields[2025-09-29-sviatosla] PASSED [ 93%]
tests/test_transcript_first_validation.py::TestRealArtifactSupportFields::test_rule_cards_have_support_fields[Lesson 2. Levels par] PASSED [ 93%]
tests/test_transcript_first_validation.py::TestRealArtifactSupportFields::test_rule_cards_have_support_fields[2025-09-29-sviatosla] PASSED [ 94%]
tests/test_transcript_first_validation.py::TestRealArtifactSupportFields::test_evidence_index_has_strength_fields[Lesson 2. Levels par] PASSED [ 94%]
tests/test_transcript_first_validation.py::TestRealArtifactSupportFields::test_evidence_index_has_strength_fields[2025-09-29-sviatosla] PASSED [ 94%]
tests/test_transcript_first_validation.py::TestRealArtifactSupportFields::test_rule_cards_support_basis_distribution[Lesson 2. Levels par] PASSED [ 94%]
tests/test_transcript_first_validation.py::TestRealArtifactSupportFields::test_rule_cards_support_basis_distribution[2025-09-29-sviatosla] PASSED [ 94%]
tests/test_transcript_first_validation.py::TestRealArtifactSupportFields::test_review_markdown_has_support_markers[Lesson 2. Levels par] PASSED [ 94%]
tests/test_transcript_first_validation.py::TestRealArtifactSupportFields::test_review_markdown_has_support_markers[2025-09-29-sviatosla] PASSED [ 95%]
tests/test_transcript_first_validation.py::TestCorpusMetadataSupportCounts::test_corpus_metadata_has_support_basis_counts PASSED [ 95%]
tests/test_transcript_first_validation.py::TestCorpusMetadataSupportCounts::test_corpus_metadata_not_all_inferred PASSED [ 95%]
tests/test_transcript_first_validation.py::TestCorpusMetadataSupportCounts::test_corpus_validation_uses_optional_category PASSED [ 95%]
tests/test_usage_report.py::test_build_video_usage_summary_collects_records PASSED [ 95%]
tests/test_usage_report.py::test_write_video_usage_summary_writes_default_file PASSED [ 95%]
tests/test_visual_compaction.py::test_raw_richness_preserved PASSED      [ 96%]
tests/test_visual_compaction.py::test_extraction_summaries_compact PASSED [ 96%]
tests/test_visual_compaction.py::test_evidence_provenance_preserved PASSED [ 96%]
tests/test_visual_compaction.py::test_rule_card_summary_compact PASSED   [ 96%]
tests/test_visual_compaction.py::test_review_vs_rag_bullets PASSED       [ 96%]
tests/test_visual_compaction.py::test_forbidden_keys_stripped PASSED     [ 96%]
tests/test_visual_compaction.py::test_assert_no_raw_visual_blob_leak_raises PASSED [ 97%]
tests/test_visual_compaction.py::test_detect_visual_spam PASSED          [ 97%]
tests/test_visual_compaction.py::test_screenshot_candidates_only_existing PASSED [ 97%]
tests/test_visual_compaction.py::test_from_pipeline_config PASSED        [ 97%]
tests/unit/test_labeling_manifest_filtering.py::test_labeling_manifest_empty_when_only_illustrations PASSED [ 97%]
tests/unit/test_ml_eligibility.py::test_illustration_is_not_ml_eligible PASSED [ 97%]
tests/unit/test_ml_eligibility.py::test_positive_example_is_ml_eligible PASSED [ 98%]
tests/unit/test_ml_eligibility.py::test_counterexample_is_ml_eligible PASSED [ 98%]
tests/unit/test_ml_eligibility.py::test_ml_eligibility_requires_linked_rule_ids PASSED [ 98%]
tests/unit/test_ml_eligibility.py::test_ml_eligibility_requires_source_event_ids PASSED [ 98%]
tests/unit/test_ml_manifest_filtering.py::test_build_ml_examples_excludes_illustrations PASSED [ 98%]
tests/unit/test_ml_manifest_filtering.py::test_build_ml_examples_returns_empty_for_illustration_only_input PASSED [ 98%]
tests/unit/test_ml_manifest_filtering.py::test_attach_rule_example_refs_ignores_illustrations PASSED [ 99%]
tests/unit/test_ml_manifest_filtering.py::test_attach_rule_example_refs_maps_roles_correctly PASSED [ 99%]
tests/unit/test_timestamp_confidence.py::test_line_confidence_for_compact_dense_span PASSED [ 99%]
tests/unit/test_timestamp_confidence.py::test_span_confidence_when_span_width_is_four PASSED [ 99%]
tests/unit/test_timestamp_confidence.py::test_span_confidence_when_density_is_too_low_for_line PASSED [ 99%]
tests/unit/test_timestamp_confidence.py::test_chunk_confidence_when_line_bounds_missing PASSED [ 99%]
tests/unit/test_timestamp_confidence.py::test_chunk_confidence_when_no_anchors PASSED [100%]

================= 604 passed, 4 skipped in 112.91s (0:01:52) ==================
