============================= test session starts =============================
platform win32 -- Python 3.12.8, pytest-9.0.1, pluggy-1.6.0 -- H:\Python312\python.exe
cachedir: .pytest_cache
rootdir: H:\GITS\tim-class-pass
configfile: pyproject.toml
plugins: anyio-4.9.0
collecting ... collected 85 items

tests/adjudication_api/test_api_bundle.py::test_bundle_rule_no_family PASSED [  1%]
tests/adjudication_api/test_api_bundle.py::test_bundle_rule_with_family PASSED [  2%]
tests/adjudication_api/test_api_bundle.py::test_bundle_optional_context_absent_without_explorer PASSED [  3%]
tests/adjudication_api/test_api_errors.py::test_map_reviewer_not_found PASSED [  4%]
tests/adjudication_api/test_api_errors.py::test_map_family_not_found PASSED [  5%]
tests/adjudication_api/test_api_errors.py::test_map_invalid_decision_for_target PASSED [  7%]
tests/adjudication_api/test_api_models.py::test_valid_decision_request PASSED [  8%]
tests/adjudication_api/test_api_models.py::test_decision_request_invalid_target_type_string PASSED [  9%]
tests/adjudication_api/test_api_models.py::test_next_queue_request_defaults PASSED [ 10%]
tests/adjudication_api/test_api_models.py::test_malformed_decision_missing_reviewer PASSED [ 11%]
tests/adjudication_api/test_api_queues.py::test_unresolved_deterministic_order PASSED [ 12%]
tests/adjudication_api/test_api_queues.py::test_by_target_filter PASSED  [ 14%]
tests/adjudication_api/test_api_queues.py::test_next_first_item PASSED   [ 15%]
tests/adjudication_api/test_api_queues.py::test_next_filtered PASSED     [ 16%]
tests/adjudication_api/test_api_queues.py::test_empty_queue_stable PASSED [ 17%]
tests/adjudication_api/test_api_reads.py::test_review_item_rule_empty PASSED [ 18%]
tests/adjudication_api/test_api_reads.py::test_review_history_empty PASSED [ 20%]
tests/adjudication_api/test_api_reads.py::test_family_detail_missing PASSED [ 21%]
tests/adjudication_api/test_api_reads.py::test_family_members_missing PASSED [ 22%]
tests/adjudication_api/test_api_reads.py::test_review_item_canonical_family_missing PASSED [ 23%]
tests/adjudication_api/test_api_reads.py::test_family_round_trip PASSED  [ 24%]
tests/adjudication_api/test_api_reads.py::test_review_item_family_target PASSED [ 25%]
tests/adjudication_api/test_api_routes.py::test_review_item_ok PASSED    [ 27%]
tests/adjudication_api/test_api_routes.py::test_review_history_ok PASSED [ 28%]
tests/adjudication_api/test_api_routes.py::test_family_404 PASSED        [ 29%]
tests/adjudication_api/test_api_routes.py::test_family_members_404 PASSED [ 30%]
tests/adjudication_api/test_api_routes.py::test_review_bundle_ok PASSED  [ 31%]
tests/adjudication_api/test_api_routes.py::test_decision_post_ok PASSED  [ 32%]
tests/adjudication_api/test_api_routes.py::test_decision_unknown_reviewer PASSED [ 34%]
tests/adjudication_api/test_api_routes.py::test_decision_invalid_pair PASSED [ 35%]
tests/adjudication_api/test_api_routes.py::test_queues_unresolved PASSED [ 36%]
tests/adjudication_api/test_api_routes.py::test_queues_next PASSED       [ 37%]
tests/adjudication_api/test_api_routes.py::test_bad_target_type_query PASSED [ 38%]
tests/adjudication_api/test_api_routes.py::test_malformed_json_decision PASSED [ 40%]
tests/adjudication_api/test_api_routes.py::test_decision_missing_related_duplicate_of PASSED [ 41%]
tests/adjudication_api/test_api_write.py::test_submit_valid PASSED       [ 42%]
tests/adjudication_api/test_api_write.py::test_submit_unknown_reviewer PASSED [ 43%]
tests/adjudication_api/test_api_write.py::test_submit_invalid_pair PASSED [ 44%]
tests/adjudication_api/test_api_write.py::test_submit_missing_family_merge PASSED [ 45%]
tests/adjudication_api/test_api_write.py::test_submit_family_target_missing_family PASSED [ 47%]
tests/adjudication_api/test_api_write.py::test_submit_merge_family_linkage_summary PASSED [ 48%]
tests/adjudication_api/test_corpus_index_from_explorer.py::test_from_explorer_repository_loads_rule_cards PASSED [ 49%]
tests/adjudication_api/test_corpus_queue_and_writes.py::test_queue_includes_corpus_rule_without_adjudication_state PASSED [ 50%]
tests/adjudication_api/test_corpus_queue_and_writes.py::test_queues_next_returns_never_reviewed_corpus_rule PASSED [ 51%]
tests/adjudication_api/test_corpus_queue_and_writes.py::test_orphan_state_not_in_queue_when_not_in_inventory PASSED [ 52%]
tests/adjudication_api/test_corpus_queue_and_writes.py::test_submit_rejects_unknown_rule_card PASSED [ 54%]
tests/adjudication_api/test_corpus_queue_and_writes.py::test_submit_rejects_unknown_evidence_link PASSED [ 55%]
tests/adjudication_api/test_corpus_queue_and_writes.py::test_submit_rejects_unknown_concept_link PASSED [ 56%]
tests/adjudication_api/test_corpus_queue_and_writes.py::test_submit_rejects_unknown_related_rule_relation PASSED [ 57%]
tests/adjudication_api/test_corpus_queue_and_writes.py::test_submit_accepts_inventory_concept_link PASSED [ 58%]
tests/adjudication_api/test_corpus_queue_and_writes.py::test_submit_accepts_inventory_related_rule_relation PASSED [ 60%]
tests/adjudication_api/test_corpus_queue_and_writes.py::test_duplicate_of_rejects_unknown_related_rule PASSED [ 61%]
tests/adjudication_api/test_corpus_queue_and_writes.py::test_family_target_still_rejects_unknown_family_without_corpus PASSED [ 62%]
tests/test_adjudication_models.py::test_review_target_type_values PASSED [ 63%]
tests/test_adjudication_models.py::test_decision_type_distinct_values PASSED [ 64%]
tests/test_adjudication_models.py::test_review_decision_requires_related_for_duplicate_of PASSED [ 65%]
tests/test_adjudication_models.py::test_review_decision_allows_duplicate_of_with_related PASSED [ 67%]
tests/test_adjudication_models.py::test_new_review_decision_merge_into_requires_related PASSED [ 68%]
tests/test_adjudication_models.py::test_invalid_decision_type_string_rejected PASSED [ 69%]
tests/test_adjudication_resolver.py::test_rule_card_no_decisions PASSED  [ 70%]
tests/test_adjudication_resolver.py::test_rule_card_needs_review_then_duplicate_of PASSED [ 71%]
tests/test_adjudication_resolver.py::test_rule_card_defer_after_approve PASSED [ 72%]
tests/test_adjudication_resolver.py::test_rule_card_approve_after_ambiguous_clears_ambiguous PASSED [ 74%]
tests/test_adjudication_resolver.py::test_evidence_partial_then_strong PASSED [ 75%]
tests/test_adjudication_resolver.py::test_concept_invalid PASSED         [ 76%]
tests/test_adjudication_resolver.py::test_relation_valid PASSED          [ 77%]
tests/test_adjudication_storage.py::test_schema_bootstrap_all_tables PASSED [ 78%]
tests/test_adjudication_storage.py::test_initialize_idempotent PASSED    [ 80%]
tests/test_adjudication_storage.py::test_append_two_decisions_same_target_preserved PASSED [ 81%]
tests/test_adjudication_storage.py::test_rule_state_resolution_needs_review_then_duplicate PASSED [ 82%]
tests/test_adjudication_storage.py::test_evidence_partial_then_strong_state PASSED [ 83%]
tests/test_adjudication_storage.py::test_append_refresh_keeps_full_history PASSED [ 84%]
tests/test_adjudication_storage.py::test_canonical_family_persistence_reload PASSED [ 85%]
tests/test_adjudication_storage.py::test_canonical_family_id_persists_after_approve_post_merge PASSED [ 87%]
tests/test_adjudication_storage.py::test_merge_into_creates_membership_and_state PASSED [ 88%]
tests/test_adjudication_restart.py::test_restart_reloads_history_and_state PASSED [ 89%]
tests/test_adjudication_integrity.py::test_append_decision_rejects_unknown_reviewer PASSED [ 90%]
tests/test_adjudication_integrity.py::test_append_decision_and_refresh_rejects_unknown_reviewer PASSED [ 91%]
tests/test_adjudication_integrity.py::test_merge_into_rejects_missing_family PASSED [ 92%]
tests/test_adjudication_integrity.py::test_append_merge_into_without_refresh_rejects_missing_family PASSED [ 94%]
tests/test_adjudication_integrity.py::test_add_rule_to_family_rejects_missing_family PASSED [ 95%]
tests/test_adjudication_integrity.py::test_invalid_target_decision_combo_rejected PASSED [ 96%]
tests/test_adjudication_integrity.py::test_append_decision_rejects_missing_family_as_target PASSED [ 97%]
tests/test_adjudication_integrity.py::test_append_decision_and_refresh_rejects_missing_family_as_target PASSED [ 98%]
tests/test_adjudication_integrity.py::test_valid_combos_still_succeed PASSED [100%]

============================= 85 passed in 12.29s =============================
